<?xml version="1.0" encoding="utf-8" standalone="no"?>
<test-results xmlns:xsi="http://www.w3.org/2001/XMLSchema-instance" xsi:noNamespaceSchemaLocation="nunit_schema_2.5.xsd" name="Pester" total="113" errors="0" failures="0" not-run="0" inconclusive="0" ignored="0" skipped="0" invalid="0" date="2018-04-26" time="12:33:10">
  <environment user="usrcoo" machine-name="WTC-WKS2055" cwd="C:\Users\usrcoo\_code\powerbox" user-domain="CORP" platform="Microsoft Windows 10 Enterprise|C:\WINDOWS|\Device\Harddisk0\Partition2" nunit-version="2.5.8.0" os-version="10.0.16299" clr-version="4.0.30319.42000" />
  <culture-info current-culture="en-US" current-uiculture="en-US" />
  <test-suite type="TestFixture" name="Pester" executed="True" result="Success" success="True" time="5.8376" asserts="0" description="Pester">
    <results>
      <test-suite type="TestFixture" name="C:\Users\usrcoo\_code\powerbox\test\nbx.tests.ps1" executed="True" result="Success" success="True" time="5.553" asserts="0" description="C:\Users\usrcoo\_code\powerbox\test\nbx.tests.ps1">
        <results>
          <test-suite type="TestFixture" name="Set wrapper functions" executed="True" result="Success" success="True" time="3.7703" asserts="0" description="Set wrapper functions">
            <results>
              <test-suite type="ParameterizedTest" name="Set wrapper functions.should map &lt;function&gt; to &lt;resourcename&gt;" executed="True" result="Success" success="True" time="3.7703" asserts="0" description="should map &lt;function&gt; to &lt;resourcename&gt;">
                <results>
                  <test-case description="should map 'Set-nbPrefix' to 'ipam/prefixes'" name="Set wrapper functions.should map 'Set-nbPrefix' to 'ipam/prefixes'" time="1.8351" asserts="0" success="True" result="Success" executed="True" />
                  <test-case description="should map 'Set-nbConsolePortTemplate' to 'dcim/console-port-templates'" name="Set wrapper functions.should map 'Set-nbConsolePortTemplate' to 'dcim/console-port-templates'" time="0.1099" asserts="0" success="True" result="Success" executed="True" />
                  <test-case description="should map 'Set-nbInterface' to 'dcim/interfaces'" name="Set wrapper functions.should map 'Set-nbInterface' to 'dcim/interfaces'" time="0.0231" asserts="0" success="True" result="Success" executed="True" />
                  <test-case description="should map 'Set-nbPowerConnection' to 'dcim/power-connections'" name="Set wrapper functions.should map 'Set-nbPowerConnection' to 'dcim/power-connections'" time="0.0214" asserts="0" success="True" result="Success" executed="True" />
                  <test-case description="should map 'Set-nbConnectedDevice' to 'dcim/connected-device'" name="Set wrapper functions.should map 'Set-nbConnectedDevice' to 'dcim/connected-device'" time="0.0357" asserts="0" success="True" result="Success" executed="True" />
                  <test-case description="should map 'Set-nbIpAddress' to 'ipam/ip-addresses'" name="Set wrapper functions.should map 'Set-nbIpAddress' to 'ipam/ip-addresses'" time="0.0301" asserts="0" success="True" result="Success" executed="True" />
                  <test-case description="should map 'Set-nbAggregate' to 'ipam/aggregates'" name="Set wrapper functions.should map 'Set-nbAggregate' to 'ipam/aggregates'" time="0.0367" asserts="0" success="True" result="Success" executed="True" />
                  <test-case description="should map 'Set-nbPowerPortTemplate' to 'dcim/power-port-templates'" name="Set wrapper functions.should map 'Set-nbPowerPortTemplate' to 'dcim/power-port-templates'" time="0.0255" asserts="0" success="True" result="Success" executed="True" />
                  <test-case description="should map 'Set-nbImageAttachment' to 'extras/image-attachments'" name="Set wrapper functions.should map 'Set-nbImageAttachment' to 'extras/image-attachments'" time="0.0257" asserts="0" success="True" result="Success" executed="True" />
                  <test-case description="should map 'Set-nbConsoleServerPort' to 'dcim/console-server-ports'" name="Set wrapper functions.should map 'Set-nbConsoleServerPort' to 'dcim/console-server-ports'" time="0.0244" asserts="0" success="True" result="Success" executed="True" />
                  <test-case description="should map 'Set-nbInventoryItem' to 'dcim/inventory-items'" name="Set wrapper functions.should map 'Set-nbInventoryItem' to 'dcim/inventory-items'" time="0.0252" asserts="0" success="True" result="Success" executed="True" />
                  <test-case description="should map 'Set-nbService' to 'ipam/services'" name="Set wrapper functions.should map 'Set-nbService' to 'ipam/services'" time="0.0347" asserts="0" success="True" result="Success" executed="True" />
                  <test-case description="should map 'Set-nbConsoleServerPortTemplate' to 'dcim/console-server-port-templates'" name="Set wrapper functions.should map 'Set-nbConsoleServerPortTemplate' to 'dcim/console-server-port-templates'" time="0.0242" asserts="0" success="True" result="Success" executed="True" />
                  <test-case description="should map 'Set-nbVirtualMachine' to 'virtualization/virtual-machines'" name="Set wrapper functions.should map 'Set-nbVirtualMachine' to 'virtualization/virtual-machines'" time="0.0352" asserts="0" success="True" result="Success" executed="True" />
                  <test-case description="should map 'Set-nbRir' to 'ipam/rirs'" name="Set wrapper functions.should map 'Set-nbRir' to 'ipam/rirs'" time="0.0238" asserts="0" success="True" result="Success" executed="True" />
                  <test-case description="should map 'Set-nbReport' to 'extras/reports'" name="Set wrapper functions.should map 'Set-nbReport' to 'extras/reports'" time="0.0218" asserts="0" success="True" result="Success" executed="True" />
                  <test-case description="should map 'Set-nbTenantGroup' to 'tenancy/tenant-groups'" name="Set wrapper functions.should map 'Set-nbTenantGroup' to 'tenancy/tenant-groups'" time="0.0374" asserts="0" success="True" result="Success" executed="True" />
                  <test-case description="should map 'Set-nbTopologyMap' to 'extras/topology-maps'" name="Set wrapper functions.should map 'Set-nbTopologyMap' to 'extras/topology-maps'" time="0.0575" asserts="0" success="True" result="Success" executed="True" />
                  <test-case description="should map 'Set-nbRackGroup' to 'dcim/rack-groups'" name="Set wrapper functions.should map 'Set-nbRackGroup' to 'dcim/rack-groups'" time="0.0242" asserts="0" success="True" result="Success" executed="True" />
                  <test-case description="should map 'Set-nbProvider' to 'circuits/providers'" name="Set wrapper functions.should map 'Set-nbProvider' to 'circuits/providers'" time="0.0234" asserts="0" success="True" result="Success" executed="True" />
                  <test-case description="should map 'Set-nbRackReservation' to 'dcim/rack-reservations'" name="Set wrapper functions.should map 'Set-nbRackReservation' to 'dcim/rack-reservations'" time="0.0237" asserts="0" success="True" result="Success" executed="True" />
                  <test-case description="should map 'Set-nbPowerOutletTemplate' to 'dcim/power-outlet-templates'" name="Set wrapper functions.should map 'Set-nbPowerOutletTemplate' to 'dcim/power-outlet-templates'" time="0.0234" asserts="0" success="True" result="Success" executed="True" />
                  <test-case description="should map 'Set-nbPowerOutlet' to 'dcim/power-outlets'" name="Set wrapper functions.should map 'Set-nbPowerOutlet' to 'dcim/power-outlets'" time="0.0237" asserts="0" success="True" result="Success" executed="True" />
                  <test-case description="should map 'Set-nbCircuit' to 'circuits/circuits'" name="Set wrapper functions.should map 'Set-nbCircuit' to 'circuits/circuits'" time="0.0232" asserts="0" success="True" result="Success" executed="True" />
                  <test-case description="should map 'Set-nbGraph' to 'extras/graphs'" name="Set wrapper functions.should map 'Set-nbGraph' to 'extras/graphs'" time="0.0241" asserts="0" success="True" result="Success" executed="True" />
                  <test-case description="should map 'Set-nbDevice' to 'dcim/devices'" name="Set wrapper functions.should map 'Set-nbDevice' to 'dcim/devices'" time="0.024" asserts="0" success="True" result="Success" executed="True" />
                  <test-case description="should map 'Set-nbVirtualChassis' to 'dcim/virtual-chassis'" name="Set wrapper functions.should map 'Set-nbVirtualChassis' to 'dcim/virtual-chassis'" time="0.0235" asserts="0" success="True" result="Success" executed="True" />
                  <test-case description="should map 'Set-nbDevicebayTemplate' to 'dcim/device-bay-templates'" name="Set wrapper functions.should map 'Set-nbDevicebayTemplate' to 'dcim/device-bay-templates'" time="0.0248" asserts="0" success="True" result="Success" executed="True" />
                  <test-case description="should map 'Set-nbConsoleConnection' to 'dcim/console-connections'" name="Set wrapper functions.should map 'Set-nbConsoleConnection' to 'dcim/console-connections'" time="0.0245" asserts="0" success="True" result="Success" executed="True" />
                  <test-case description="should map 'Set-nbRackRole' to 'dcim/rack-roles'" name="Set wrapper functions.should map 'Set-nbRackRole' to 'dcim/rack-roles'" time="0.024" asserts="0" success="True" result="Success" executed="True" />
                  <test-case description="should map 'Set-nbPlatform' to 'dcim/platforms'" name="Set wrapper functions.should map 'Set-nbPlatform' to 'dcim/platforms'" time="0.0242" asserts="0" success="True" result="Success" executed="True" />
                  <test-case description="should map 'Set-nbVlan' to 'ipam/vlans'" name="Set wrapper functions.should map 'Set-nbVlan' to 'ipam/vlans'" time="0.0288" asserts="0" success="True" result="Success" executed="True" />
                  <test-case description="should map 'Set-nbRecentActivity' to 'extras/recent-activity'" name="Set wrapper functions.should map 'Set-nbRecentActivity' to 'extras/recent-activity'" time="0.1338" asserts="0" success="True" result="Success" executed="True" />
                  <test-case description="should map 'Set-nbRegion' to 'dcim/regions'" name="Set wrapper functions.should map 'Set-nbRegion' to 'dcim/regions'" time="0.063" asserts="0" success="True" result="Success" executed="True" />
                  <test-case description="should map 'Set-nbManufacturer' to 'dcim/manufacturers'" name="Set wrapper functions.should map 'Set-nbManufacturer' to 'dcim/manufacturers'" time="0.2227" asserts="0" success="True" result="Success" executed="True" />
                  <test-case description="should map 'Set-nbVlanGroup' to 'ipam/vlan-groups'" name="Set wrapper functions.should map 'Set-nbVlanGroup' to 'ipam/vlan-groups'" time="0.0667" asserts="0" success="True" result="Success" executed="True" />
                  <test-case description="should map 'Set-nbTenant' to 'tenancy/tenants'" name="Set wrapper functions.should map 'Set-nbTenant' to 'tenancy/tenants'" time="0.0629" asserts="0" success="True" result="Success" executed="True" />
                  <test-case description="should map 'Set-nbDeviceType' to 'dcim/device-types'" name="Set wrapper functions.should map 'Set-nbDeviceType' to 'dcim/device-types'" time="0.0344" asserts="0" success="True" result="Success" executed="True" />
                  <test-case description="should map 'Set-nbCircuitTermination' to 'circuits/circuit-terminations'" name="Set wrapper functions.should map 'Set-nbCircuitTermination' to 'circuits/circuit-terminations'" time="0.0303" asserts="0" success="True" result="Success" executed="True" />
                  <test-case description="should map 'Set-nbClusterType' to 'virtualization/cluster-types'" name="Set wrapper functions.should map 'Set-nbClusterType' to 'virtualization/cluster-types'" time="0.0257" asserts="0" success="True" result="Success" executed="True" />
                  <test-case description="should map 'Set-nbPowerPort' to 'dcim/power-ports'" name="Set wrapper functions.should map 'Set-nbPowerPort' to 'dcim/power-ports'" time="0.0248" asserts="0" success="True" result="Success" executed="True" />
                  <test-case description="should map 'Set-nbRole' to 'ipam/roles'" name="Set wrapper functions.should map 'Set-nbRole' to 'ipam/roles'" time="0.0235" asserts="0" success="True" result="Success" executed="True" />
                  <test-case description="should map 'Set-nbVrf' to 'ipam/vrfs'" name="Set wrapper functions.should map 'Set-nbVrf' to 'ipam/vrfs'" time="0.023" asserts="0" success="True" result="Success" executed="True" />
                  <test-case description="should map 'Set-nbRack' to 'dcim/racks'" name="Set wrapper functions.should map 'Set-nbRack' to 'dcim/racks'" time="0.0243" asserts="0" success="True" result="Success" executed="True" />
                  <test-case description="should map 'Set-nbCluster' to 'virtualization/clusters'" name="Set wrapper functions.should map 'Set-nbCluster' to 'virtualization/clusters'" time="0.023" asserts="0" success="True" result="Success" executed="True" />
                  <test-case description="should map 'Set-nbSite' to 'dcim/sites'" name="Set wrapper functions.should map 'Set-nbSite' to 'dcim/sites'" time="0.0257" asserts="0" success="True" result="Success" executed="True" />
                  <test-case description="should map 'Set-nbClusterGroup' to 'virtualization/cluster-groups'" name="Set wrapper functions.should map 'Set-nbClusterGroup' to 'virtualization/cluster-groups'" time="0.0239" asserts="0" success="True" result="Success" executed="True" />
                  <test-case description="should map 'Set-nbInterfaceConnection' to 'dcim/interface-connections'" name="Set wrapper functions.should map 'Set-nbInterfaceConnection' to 'dcim/interface-connections'" time="0.0243" asserts="0" success="True" result="Success" executed="True" />
                  <test-case description="should map 'Set-nbCircuitType' to 'circuits/circuit-types'" name="Set wrapper functions.should map 'Set-nbCircuitType' to 'circuits/circuit-types'" time="0.0237" asserts="0" success="True" result="Success" executed="True" />
                  <test-case description="should map 'Set-nbDeviceRole' to 'dcim/device-roles'" name="Set wrapper functions.should map 'Set-nbDeviceRole' to 'dcim/device-roles'" time="0.0252" asserts="0" success="True" result="Success" executed="True" />
                  <test-case description="should map 'Set-nbVMInterface' to 'virtualization/interfaces'" name="Set wrapper functions.should map 'Set-nbVMInterface' to 'virtualization/interfaces'" time="0.0249" asserts="0" success="True" result="Success" executed="True" />
                  <test-case description="should map 'Set-nbConsolePort' to 'dcim/console-ports'" name="Set wrapper functions.should map 'Set-nbConsolePort' to 'dcim/console-ports'" time="0.0234" asserts="0" success="True" result="Success" executed="True" />
                  <test-case description="should map 'Set-nbDevicebay' to 'dcim/device-bays'" name="Set wrapper functions.should map 'Set-nbDevicebay' to 'dcim/device-bays'" time="0.0237" asserts="0" success="True" result="Success" executed="True" />
                  <test-case description="should map 'Set-nbInterfaceTemplate' to 'dcim/interface-templates'" name="Set wrapper functions.should map 'Set-nbInterfaceTemplate' to 'dcim/interface-templates'" time="0.0259" asserts="0" success="True" result="Success" executed="True" />
                  <test-case description="should map 'Set-nbExportTemplate' to 'extras/export-templates'" name="Set wrapper functions.should map 'Set-nbExportTemplate' to 'extras/export-templates'" time="0.0249" asserts="0" success="True" result="Success" executed="True" />
                </results>
              </test-suite>
            </results>
          </test-suite>
          <test-suite type="TestFixture" name="New wrapper functions" executed="True" result="Success" success="True" time="1.7827" asserts="0" description="New wrapper functions">
            <results>
              <test-suite type="ParameterizedTest" name="New wrapper functions.should map &lt;function&gt; to &lt;resourcename&gt;" executed="True" result="Success" success="True" time="1.7827" asserts="0" description="should map &lt;function&gt; to &lt;resourcename&gt;">
                <results>
                  <test-case description="should map 'New-nbPrefix' to 'ipam/prefixes'" name="New wrapper functions.should map 'New-nbPrefix' to 'ipam/prefixes'" time="0.2822" asserts="0" success="True" result="Success" executed="True" />
                  <test-case description="should map 'New-nbConsolePortTemplate' to 'dcim/console-port-templates'" name="New wrapper functions.should map 'New-nbConsolePortTemplate' to 'dcim/console-port-templates'" time="0.03" asserts="0" success="True" result="Success" executed="True" />
                  <test-case description="should map 'New-nbInterface' to 'dcim/interfaces'" name="New wrapper functions.should map 'New-nbInterface' to 'dcim/interfaces'" time="0.0222" asserts="0" success="True" result="Success" executed="True" />
                  <test-case description="should map 'New-nbPowerConnection' to 'dcim/power-connections'" name="New wrapper functions.should map 'New-nbPowerConnection' to 'dcim/power-connections'" time="0.0214" asserts="0" success="True" result="Success" executed="True" />
                  <test-case description="should map 'New-nbConnectedDevice' to 'dcim/connected-device'" name="New wrapper functions.should map 'New-nbConnectedDevice' to 'dcim/connected-device'" time="0.0223" asserts="0" success="True" result="Success" executed="True" />
                  <test-case description="should map 'New-nbIpAddress' to 'ipam/ip-addresses'" name="New wrapper functions.should map 'New-nbIpAddress' to 'ipam/ip-addresses'" time="0.0239" asserts="0" success="True" result="Success" executed="True" />
                  <test-case description="should map 'New-nbAggregate' to 'ipam/aggregates'" name="New wrapper functions.should map 'New-nbAggregate' to 'ipam/aggregates'" time="0.0244" asserts="0" success="True" result="Success" executed="True" />
                  <test-case description="should map 'New-nbPowerPortTemplate' to 'dcim/power-port-templates'" name="New wrapper functions.should map 'New-nbPowerPortTemplate' to 'dcim/power-port-templates'" time="0.0237" asserts="0" success="True" result="Success" executed="True" />
                  <test-case description="should map 'New-nbImageAttachment' to 'extras/image-attachments'" name="New wrapper functions.should map 'New-nbImageAttachment' to 'extras/image-attachments'" time="0.0243" asserts="0" success="True" result="Success" executed="True" />
                  <test-case description="should map 'New-nbConsoleServerPort' to 'dcim/console-server-ports'" name="New wrapper functions.should map 'New-nbConsoleServerPort' to 'dcim/console-server-ports'" time="0.0268" asserts="0" success="True" result="Success" executed="True" />
                  <test-case description="should map 'New-nbInventoryItem' to 'dcim/inventory-items'" name="New wrapper functions.should map 'New-nbInventoryItem' to 'dcim/inventory-items'" time="0.0319" asserts="0" success="True" result="Success" executed="True" />
                  <test-case description="should map 'New-nbService' to 'ipam/services'" name="New wrapper functions.should map 'New-nbService' to 'ipam/services'" time="0.0243" asserts="0" success="True" result="Success" executed="True" />
                  <test-case description="should map 'New-nbConsoleServerPortTemplate' to 'dcim/console-server-port-templates'" name="New wrapper functions.should map 'New-nbConsoleServerPortTemplate' to 'dcim/console-server-port-templates'" time="0.0307" asserts="0" success="True" result="Success" executed="True" />
                  <test-case description="should map 'New-nbVirtualMachine' to 'virtualization/virtual-machines'" name="New wrapper functions.should map 'New-nbVirtualMachine' to 'virtualization/virtual-machines'" time="0.027" asserts="0" success="True" result="Success" executed="True" />
                  <test-case description="should map 'New-nbRir' to 'ipam/rirs'" name="New wrapper functions.should map 'New-nbRir' to 'ipam/rirs'" time="0.0262" asserts="0" success="True" result="Success" executed="True" />
                  <test-case description="should map 'New-nbReport' to 'extras/reports'" name="New wrapper functions.should map 'New-nbReport' to 'extras/reports'" time="0.0256" asserts="0" success="True" result="Success" executed="True" />
                  <test-case description="should map 'New-nbTenantGroup' to 'tenancy/tenant-groups'" name="New wrapper functions.should map 'New-nbTenantGroup' to 'tenancy/tenant-groups'" time="0.0253" asserts="0" success="True" result="Success" executed="True" />
                  <test-case description="should map 'New-nbTopologyMap' to 'extras/topology-maps'" name="New wrapper functions.should map 'New-nbTopologyMap' to 'extras/topology-maps'" time="0.0249" asserts="0" success="True" result="Success" executed="True" />
                  <test-case description="should map 'New-nbRackGroup' to 'dcim/rack-groups'" name="New wrapper functions.should map 'New-nbRackGroup' to 'dcim/rack-groups'" time="0.0247" asserts="0" success="True" result="Success" executed="True" />
                  <test-case description="should map 'New-nbProvider' to 'circuits/providers'" name="New wrapper functions.should map 'New-nbProvider' to 'circuits/providers'" time="0.0263" asserts="0" success="True" result="Success" executed="True" />
                  <test-case description="should map 'New-nbRackReservation' to 'dcim/rack-reservations'" name="New wrapper functions.should map 'New-nbRackReservation' to 'dcim/rack-reservations'" time="0.0241" asserts="0" success="True" result="Success" executed="True" />
                  <test-case description="should map 'New-nbPowerOutletTemplate' to 'dcim/power-outlet-templates'" name="New wrapper functions.should map 'New-nbPowerOutletTemplate' to 'dcim/power-outlet-templates'" time="0.0268" asserts="0" success="True" result="Success" executed="True" />
                  <test-case description="should map 'New-nbPowerOutlet' to 'dcim/power-outlets'" name="New wrapper functions.should map 'New-nbPowerOutlet' to 'dcim/power-outlets'" time="0.026" asserts="0" success="True" result="Success" executed="True" />
                  <test-case description="should map 'New-nbCircuit' to 'circuits/circuits'" name="New wrapper functions.should map 'New-nbCircuit' to 'circuits/circuits'" time="0.0261" asserts="0" success="True" result="Success" executed="True" />
                  <test-case description="should map 'New-nbGraph' to 'extras/graphs'" name="New wrapper functions.should map 'New-nbGraph' to 'extras/graphs'" time="0.0246" asserts="0" success="True" result="Success" executed="True" />
                  <test-case description="should map 'New-nbDevice' to 'dcim/devices'" name="New wrapper functions.should map 'New-nbDevice' to 'dcim/devices'" time="0.0266" asserts="0" success="True" result="Success" executed="True" />
                  <test-case description="should map 'New-nbVirtualChassis' to 'dcim/virtual-chassis'" name="New wrapper functions.should map 'New-nbVirtualChassis' to 'dcim/virtual-chassis'" time="0.0263" asserts="0" success="True" result="Success" executed="True" />
                  <test-case description="should map 'New-nbDevicebayTemplate' to 'dcim/device-bay-templates'" name="New wrapper functions.should map 'New-nbDevicebayTemplate' to 'dcim/device-bay-templates'" time="0.0265" asserts="0" success="True" result="Success" executed="True" />
                  <test-case description="should map 'New-nbConsoleConnection' to 'dcim/console-connections'" name="New wrapper functions.should map 'New-nbConsoleConnection' to 'dcim/console-connections'" time="0.0265" asserts="0" success="True" result="Success" executed="True" />
                  <test-case description="should map 'New-nbRackRole' to 'dcim/rack-roles'" name="New wrapper functions.should map 'New-nbRackRole' to 'dcim/rack-roles'" time="0.0266" asserts="0" success="True" result="Success" executed="True" />
                  <test-case description="should map 'New-nbPlatform' to 'dcim/platforms'" name="New wrapper functions.should map 'New-nbPlatform' to 'dcim/platforms'" time="0.0272" asserts="0" success="True" result="Success" executed="True" />
                  <test-case description="should map 'New-nbVlan' to 'ipam/vlans'" name="New wrapper functions.should map 'New-nbVlan' to 'ipam/vlans'" time="0.0266" asserts="0" success="True" result="Success" executed="True" />
                  <test-case description="should map 'New-nbRecentActivity' to 'extras/recent-activity'" name="New wrapper functions.should map 'New-nbRecentActivity' to 'extras/recent-activity'" time="0.0498" asserts="0" success="True" result="Success" executed="True" />
                  <test-case description="should map 'New-nbRegion' to 'dcim/regions'" name="New wrapper functions.should map 'New-nbRegion' to 'dcim/regions'" time="0.0341" asserts="0" success="True" result="Success" executed="True" />
                  <test-case description="should map 'New-nbManufacturer' to 'dcim/manufacturers'" name="New wrapper functions.should map 'New-nbManufacturer' to 'dcim/manufacturers'" time="0.0309" asserts="0" success="True" result="Success" executed="True" />
                  <test-case description="should map 'New-nbVlanGroup' to 'ipam/vlan-groups'" name="New wrapper functions.should map 'New-nbVlanGroup' to 'ipam/vlan-groups'" time="0.0271" asserts="0" success="True" result="Success" executed="True" />
                  <test-case description="should map 'New-nbTenant' to 'tenancy/tenants'" name="New wrapper functions.should map 'New-nbTenant' to 'tenancy/tenants'" time="0.027" asserts="0" success="True" result="Success" executed="True" />
                  <test-case description="should map 'New-nbDeviceType' to 'dcim/device-types'" name="New wrapper functions.should map 'New-nbDeviceType' to 'dcim/device-types'" time="0.0278" asserts="0" success="True" result="Success" executed="True" />
                  <test-case description="should map 'New-nbCircuitTermination' to 'circuits/circuit-terminations'" name="New wrapper functions.should map 'New-nbCircuitTermination' to 'circuits/circuit-terminations'" time="0.0267" asserts="0" success="True" result="Success" executed="True" />
                  <test-case description="should map 'New-nbClusterType' to 'virtualization/cluster-types'" name="New wrapper functions.should map 'New-nbClusterType' to 'virtualization/cluster-types'" time="0.0284" asserts="0" success="True" result="Success" executed="True" />
                  <test-case description="should map 'New-nbPowerPort' to 'dcim/power-ports'" name="New wrapper functions.should map 'New-nbPowerPort' to 'dcim/power-ports'" time="0.028" asserts="0" success="True" result="Success" executed="True" />
                  <test-case description="should map 'New-nbRole' to 'ipam/roles'" name="New wrapper functions.should map 'New-nbRole' to 'ipam/roles'" time="0.0289" asserts="0" success="True" result="Success" executed="True" />
                  <test-case description="should map 'New-nbVrf' to 'ipam/vrfs'" name="New wrapper functions.should map 'New-nbVrf' to 'ipam/vrfs'" time="0.0292" asserts="0" success="True" result="Success" executed="True" />
                  <test-case description="should map 'New-nbRack' to 'dcim/racks'" name="New wrapper functions.should map 'New-nbRack' to 'dcim/racks'" time="0.0292" asserts="0" success="True" result="Success" executed="True" />
                  <test-case description="should map 'New-nbCluster' to 'virtualization/clusters'" name="New wrapper functions.should map 'New-nbCluster' to 'virtualization/clusters'" time="0.0281" asserts="0" success="True" result="Success" executed="True" />
                  <test-case description="should map 'New-nbSite' to 'dcim/sites'" name="New wrapper functions.should map 'New-nbSite' to 'dcim/sites'" time="0.0283" asserts="0" success="True" result="Success" executed="True" />
                  <test-case description="should map 'New-nbClusterGroup' to 'virtualization/cluster-groups'" name="New wrapper functions.should map 'New-nbClusterGroup' to 'virtualization/cluster-groups'" time="0.029" asserts="0" success="True" result="Success" executed="True" />
                  <test-case description="should map 'New-nbInterfaceConnection' to 'dcim/interface-connections'" name="New wrapper functions.should map 'New-nbInterfaceConnection' to 'dcim/interface-connections'" time="0.0299" asserts="0" success="True" result="Success" executed="True" />
                  <test-case description="should map 'New-nbCircuitType' to 'circuits/circuit-types'" name="New wrapper functions.should map 'New-nbCircuitType' to 'circuits/circuit-types'" time="0.0285" asserts="0" success="True" result="Success" executed="True" />
                  <test-case description="should map 'New-nbDeviceRole' to 'dcim/device-roles'" name="New wrapper functions.should map 'New-nbDeviceRole' to 'dcim/device-roles'" time="0.0303" asserts="0" success="True" result="Success" executed="True" />
                  <test-case description="should map 'New-nbVMInterface' to 'virtualization/interfaces'" name="New wrapper functions.should map 'New-nbVMInterface' to 'virtualization/interfaces'" time="0.0335" asserts="0" success="True" result="Success" executed="True" />
                  <test-case description="should map 'New-nbConsolePort' to 'dcim/console-ports'" name="New wrapper functions.should map 'New-nbConsolePort' to 'dcim/console-ports'" time="0.0348" asserts="0" success="True" result="Success" executed="True" />
                  <test-case description="should map 'New-nbDevicebay' to 'dcim/device-bays'" name="New wrapper functions.should map 'New-nbDevicebay' to 'dcim/device-bays'" time="0.03" asserts="0" success="True" result="Success" executed="True" />
                  <test-case description="should map 'New-nbInterfaceTemplate' to 'dcim/interface-templates'" name="New wrapper functions.should map 'New-nbInterfaceTemplate' to 'dcim/interface-templates'" time="0.0308" asserts="0" success="True" result="Success" executed="True" />
                  <test-case description="should map 'New-nbExportTemplate' to 'extras/export-templates'" name="New wrapper functions.should map 'New-nbExportTemplate' to 'extras/export-templates'" time="0.0302" asserts="0" success="True" result="Success" executed="True" />
                </results>
              </test-suite>
            </results>
          </test-suite>
        </results>
      </test-suite>
      <test-suite type="TestFixture" name="C:\Users\usrcoo\_code\powerbox\test\new-nbobject.tests.ps1" executed="True" result="Success" success="True" time="0" asserts="0" description="C:\Users\usrcoo\_code\powerbox\test\new-nbobject.tests.ps1">
        <results />
      </test-suite>
      <test-suite type="TestFixture" name="C:\Users\usrcoo\_code\powerbox\test\powerbox.Tests.ps1" executed="True" result="Success" success="True" time="0.2846" asserts="0" description="C:\Users\usrcoo\_code\powerbox\test\powerbox.Tests.ps1">
        <results>
          <test-suite type="TestFixture" name="module manifest values" executed="True" result="Success" success="True" time="0.2846" asserts="0" description="module manifest values">
            <results>
              <test-case description="can retrieve manfiest data" name="module manifest values.can retrieve manfiest data" time="0.1467" asserts="0" success="True" result="Success" executed="True" />
              <test-case description="has the correct name" name="module manifest values.has the correct name" time="0.1106" asserts="0" success="True" result="Success" executed="True" />
              <test-case description="has the correct guid" name="module manifest values.has the correct guid" time="0.0272" asserts="0" success="True" result="Success" executed="True" />
            </results>
          </test-suite>
        </results>
      </test-suite>
      <test-suite type="TestFixture" name="C:\Users\usrcoo\_code\powerbox\test\set-nbobject.tests.ps1" executed="True" result="Success" success="True" time="0" asserts="0" description="C:\Users\usrcoo\_code\powerbox\test\set-nbobject.tests.ps1">
        <results />
      </test-suite>
    </results>
  </test-suite>
</test-results>